2025-05-09 08:32:57,311 [Worker-6: Loading available Gradle versions] INFO  o.e.b.c.i.u.g.PublishedGradleVersions - Gradle version information cache is out-of-date. Trying to update.
2025-05-09 08:32:59,002 [Worker-9: Repository registry initialization] ERROR o.e.m.c.internal.embedder.MavenImpl - Could not read settingsCacheMap.xml, assuming default values
org.apache.maven.settings.building.SettingsBuildingException: 1 problem was encountered while building the effective settings
[FATAL] Non-parseable settings C:\Users\169133232024.3\.m2\settings.xml: expected = after attribute name (position: START_DOCUMENT seen ...ns="http://maven.apache.org/SETTINGS/1.0.0&quot; xmlns:xsi="http:/... @1:80)  @ C:\Users\169133232024.3\.m2\settings.xml, line 1, column 80

	at org.apache.maven.settings.building.DefaultSettingsBuilder.build(DefaultSettingsBuilder.java:115)
	at org.eclipse.m2e.core.internal.embedder.MavenImpl$MavenSettings.getSettings(MavenImpl.java:1117)
	at org.eclipse.m2e.core.internal.embedder.MavenImpl.getSettings(MavenImpl.java:279)
	at org.eclipse.m2e.core.internal.embedder.MavenImpl.getSettings(MavenImpl.java:273)
	at org.eclipse.m2e.core.internal.repository.RepositoryRegistry.updateRegistry(RepositoryRegistry.java:229)
	at org.eclipse.m2e.core.internal.repository.RepositoryRegistryUpdateJob.run(RepositoryRegistryUpdateJob.java:50)
	at org.eclipse.core.internal.jobs.Worker.run(Worker.java:63)
2025-05-09 08:33:03,906 [Worker-4: Deferred Early Start] INFO  o.a.h.c.h.i.c.HttpRequestRetryExec - Recoverable I/O exception (java.net.SocketException) caught when processing request to {s}->https://www.eclipse.org:443
2025-05-09 08:34:35,211 [Worker-4: Loading available Gradle versions] INFO  o.e.b.c.i.u.g.PublishedGradleVersions - Gradle version information cache is up-to-date. Trying to read.
2025-05-09 08:34:36,293 [Worker-8: Repository registry initialization] ERROR o.e.m.c.internal.embedder.MavenImpl - Could not read settingsCacheMap.xml, assuming default values
org.apache.maven.settings.building.SettingsBuildingException: 1 problem was encountered while building the effective settings
[FATAL] Non-parseable settings C:\Users\169133232024.3\.m2\settings.xml: expected = after attribute name (position: START_DOCUMENT seen ...ns="http://maven.apache.org/SETTINGS/1.0.0&quot; xmlns:xsi="http:/... @1:80)  @ C:\Users\169133232024.3\.m2\settings.xml, line 1, column 80

	at org.apache.maven.settings.building.DefaultSettingsBuilder.build(DefaultSettingsBuilder.java:115)
	at org.eclipse.m2e.core.internal.embedder.MavenImpl$MavenSettings.getSettings(MavenImpl.java:1117)
	at org.eclipse.m2e.core.internal.embedder.MavenImpl.getSettings(MavenImpl.java:279)
	at org.eclipse.m2e.core.internal.embedder.MavenImpl.getSettings(MavenImpl.java:273)
	at org.eclipse.m2e.core.internal.repository.RepositoryRegistry.updateRegistry(RepositoryRegistry.java:229)
	at org.eclipse.m2e.core.internal.repository.RepositoryRegistryUpdateJob.run(RepositoryRegistryUpdateJob.java:50)
	at org.eclipse.core.internal.jobs.Worker.run(Worker.java:63)
